Copyright 1986-2016 Xilinx, Inc. All Rights Reserved.
----------------------------------------------------------------------------------------------------------------------------------------------
| Tool Version     : Vivado v.2016.2 (win64) Build 1577090 Thu Jun  2 16:32:40 MDT 2016
| Date             : Tue Nov 29 15:09:28 2016
| Host             : DESKTOP-PBAKCEM running 64-bit major release  (build 9200)
| Command          : report_power -file self_top_power_routed.rpt -pb self_top_power_summary_routed.pb -rpx self_top_power_routed.rpx
| Design           : self_top
| Device           : xc7a100tcsg324-1
| Design State     : routed
| Grade            : commercial
| Process          : typical
| Characterization : Production
----------------------------------------------------------------------------------------------------------------------------------------------

Power Report

Table of Contents
-----------------
1. Summary
1.1 On-Chip Components
1.2 Power Supply Summary
1.3 Confidence Level
2. Settings
2.1 Environment
2.2 Clock Constraints
3. Detailed Reports
3.1 By Hierarchy

1. Summary
----------

+--------------------------+-------+
| Total On-Chip Power (W)  | 0.117 |
| Dynamic (W)              | 0.020 |
| Device Static (W)        | 0.097 |
| Effective TJA (C/W)      | 4.6   |
| Max Ambient (C)          | 84.5  |
| Junction Temperature (C) | 25.5  |
| Confidence Level         | Low   |
| Setting File             | ---   |
| Simulation Activity File | ---   |
| Design Nets Matched      | NA    |
+--------------------------+-------+


1.1 On-Chip Components
----------------------

+----------------+-----------+----------+-----------+-----------------+
| On-Chip        | Power (W) | Used     | Available | Utilization (%) |
+----------------+-----------+----------+-----------+-----------------+
| Clocks         |    <0.001 |        3 |       --- |             --- |
| Slice Logic    |     0.002 |     3819 |       --- |             --- |
|   LUT as Logic |     0.002 |     2840 |     63400 |            4.48 |
|   CARRY4       |    <0.001 |       25 |     15850 |            0.16 |
|   BUFG         |    <0.001 |        2 |        32 |            6.25 |
|   Register     |    <0.001 |      327 |    126800 |            0.26 |
|   F7/F8 Muxes  |    <0.001 |       26 |     63400 |            0.04 |
|   Others       |     0.000 |       69 |       --- |             --- |
| Signals        |     0.002 |     3533 |       --- |             --- |
| I/O            |     0.015 |       34 |       210 |           16.19 |
| Static Power   |     0.097 |          |           |                 |
| Total          |     0.117 |          |           |                 |
+----------------+-----------+----------+-----------+-----------------+


1.2 Power Supply Summary
------------------------

+-----------+-------------+-----------+-------------+------------+
| Source    | Voltage (V) | Total (A) | Dynamic (A) | Static (A) |
+-----------+-------------+-----------+-------------+------------+
| Vccint    |       1.000 |     0.020 |       0.005 |      0.015 |
| Vccaux    |       1.800 |     0.019 |       0.001 |      0.018 |
| Vcco33    |       3.300 |     0.008 |       0.004 |      0.004 |
| Vcco25    |       2.500 |     0.000 |       0.000 |      0.000 |
| Vcco18    |       1.800 |     0.000 |       0.000 |      0.000 |
| Vcco15    |       1.500 |     0.000 |       0.000 |      0.000 |
| Vcco135   |       1.350 |     0.000 |       0.000 |      0.000 |
| Vcco12    |       1.200 |     0.000 |       0.000 |      0.000 |
| Vccaux_io |       1.800 |     0.000 |       0.000 |      0.000 |
| Vccbram   |       1.000 |     0.000 |       0.000 |      0.000 |
| MGTAVcc   |       1.000 |     0.000 |       0.000 |      0.000 |
| MGTAVtt   |       1.200 |     0.000 |       0.000 |      0.000 |
| Vccadc    |       1.800 |     0.020 |       0.000 |      0.020 |
+-----------+-------------+-----------+-------------+------------+


1.3 Confidence Level
--------------------

+-----------------------------+------------+-------------------------------------------------------+--------------------------------------------------------------------------------------------------------------------+
| User Input Data             | Confidence | Details                                               | Action                                                                                                             |
+-----------------------------+------------+-------------------------------------------------------+--------------------------------------------------------------------------------------------------------------------+
| Design implementation state | High       | Design is routed                                      |                                                                                                                    |
| Clock nodes activity        | Low        | User specified less than 75% of clocks                | Provide missing clock activity with a constraint file, simulation results or by editing the "By Clock Domain" view |
| I/O nodes activity          | Medium     | More than 5% of inputs are missing user specification | Provide missing input activity with simulation results or by editing the "By Resource Type -> I/Os" view           |
| Internal nodes activity     | Medium     | User specified less than 25% of internal nodes        | Provide missing internal nodes activity with simulation results or by editing the "By Resource Type" views         |
| Device models               | High       | Device models are Production                          |                                                                                                                    |
|                             |            |                                                       |                                                                                                                    |
| Overall confidence level    | Low        |                                                       |                                                                                                                    |
+-----------------------------+------------+-------------------------------------------------------+--------------------------------------------------------------------------------------------------------------------+


2. Settings
-----------

2.1 Environment
---------------

+-----------------------+--------------------------+
| Ambient Temp (C)      | 25.0                     |
| ThetaJA (C/W)         | 4.6                      |
| Airflow (LFM)         | 250                      |
| Heat Sink             | medium (Medium Profile)  |
| ThetaSA (C/W)         | 4.6                      |
| Board Selection       | medium (10"x10")         |
| # of Board Layers     | 12to15 (12 to 15 Layers) |
| Board Temperature (C) | 25.0                     |
+-----------------------+--------------------------+


2.2 Clock Constraints
---------------------

+-------------+--------+-----------------+
| Clock       | Domain | Constraint (ns) |
+-------------+--------+-----------------+
| sys_clk_pin | clk    |            10.0 |
+-------------+--------+-----------------+


3. Detailed Reports
-------------------

3.1 By Hierarchy
----------------

+--------------+-----------+
| Name         | Power (W) |
+--------------+-----------+
| self_top     |     0.020 |
|   an_unit    |     0.001 |
|     s14d     |    <0.001 |
|     s16d     |    <0.001 |
|     s18d     |    <0.001 |
|     s19d     |    <0.001 |
|     s1l      |    <0.001 |
|     s21d     |    <0.001 |
|     s2l      |    <0.001 |
|     s2r      |    <0.001 |
|     s2u      |    <0.001 |
|     s3d      |    <0.001 |
|     s3l      |    <0.001 |
|     s3r      |    <0.001 |
|     s4l      |    <0.001 |
|     s4r      |    <0.001 |
|     s4u      |    <0.001 |
|     s5l      |    <0.001 |
|     s5r      |    <0.001 |
|     s5u      |    <0.001 |
|     s6l      |    <0.001 |
|     s6r      |    <0.001 |
|     s6u      |    <0.001 |
|     s7r      |    <0.001 |
|     s8r      |    <0.001 |
|     s8u      |    <0.001 |
|     s9d      |    <0.001 |
|     s9l      |    <0.001 |
|     s9r      |    <0.001 |
|     sbd      |    <0.001 |
|     sbu      |    <0.001 |
|   myclk      |    <0.001 |
|   ps2_unit   |    <0.001 |
|   seg_unit   |    <0.001 |
|   vsync_unit |     0.002 |
+--------------+-----------+


